SF:lib\domain\entities\gomu_tv_entity.dart
DA:33,4
DA:47,1
DA:55,0
DA:56,0
DA:57,0
DA:58,0
DA:59,0
DA:60,0
DA:61,0
DA:62,0
DA:63,0
DA:64,0
DA:65,0
DA:66,0
DA:67,0
DA:68,0
DA:100,4
DA:115,0
DA:116,0
DA:117,0
DA:118,0
DA:119,0
DA:120,0
DA:121,0
DA:122,0
DA:123,0
DA:124,0
DA:125,0
DA:126,0
DA:138,4
DA:141,0
DA:142,0
LF:32
LH:4
end_of_record
SF:lib\domain\usecase\get_gomu_tv_detail_case.dart
DA:11,1
DA:14,1
DA:16,2
DA:20,1
DA:22,2
LF:5
LH:5
end_of_record
SF:lib\domain\usecase\get_gomu_tv_list_case.dart
DA:10,1
DA:13,1
DA:14,2
DA:18,1
DA:19,2
DA:23,1
DA:24,2
LF:7
LH:7
end_of_record
SF:lib\domain\usecase\get_gomu_tv_watchlist_case.dart
DA:11,1
DA:14,1
DA:15,2
DA:19,0
DA:20,0
DA:29,1
DA:32,1
DA:34,2
DA:43,1
DA:46,1
DA:48,2
LF:11
LH:9
end_of_record
SF:lib\domain\usecase\search_gomu_tv_case.dart
DA:10,1
DA:13,1
DA:15,2
LF:3
LH:3
end_of_record
SF:lib\presentation\provider\gomu_tv_detail_notifier.dart
DA:33,1
DA:41,2
DA:43,2
DA:45,2
DA:47,2
DA:49,2
DA:51,2
DA:53,2
DA:56,1
DA:59,1
DA:61,1
DA:63,3
DA:66,3
DA:69,1
DA:70,1
DA:71,1
DA:73,2
DA:75,1
DA:77,1
DA:78,1
DA:80,1
DA:82,1
DA:84,1
DA:85,1
DA:86,1
DA:88,2
DA:90,1
DA:91,1
DA:93,1
DA:96,1
DA:98,1
DA:104,1
DA:105,3
DA:107,1
DA:109,1
DA:113,1
DA:115,3
DA:118,2
DA:119,1
DA:120,2
DA:122,1
DA:123,1
DA:126,3
DA:130,1
DA:132,3
DA:135,2
DA:136,0
DA:137,0
DA:139,1
DA:140,1
DA:143,3
LF:51
LH:49
end_of_record
SF:lib\presentation\provider\gomu_tv_list_notifier.dart
DA:30,1
DA:37,2
DA:39,2
DA:41,2
DA:43,2
DA:45,0
DA:47,2
DA:49,2
DA:51,2
DA:53,2
DA:55,2
DA:58,1
DA:60,1
DA:62,1
DA:64,3
DA:67,1
DA:68,1
DA:69,1
DA:71,2
DA:73,1
DA:75,1
DA:76,1
DA:78,1
DA:80,1
DA:86,1
DA:88,1
DA:90,1
DA:93,3
DA:95,1
DA:96,1
DA:97,1
DA:99,2
DA:101,1
DA:103,1
DA:104,1
DA:106,1
DA:108,1
DA:114,1
DA:117,1
DA:119,1
DA:121,3
DA:124,1
DA:125,1
DA:126,1
DA:128,2
DA:130,1
DA:132,1
DA:133,1
DA:135,1
DA:137,1
DA:143,1
DA:146,1
DA:148,1
DA:150,3
DA:153,1
DA:154,1
DA:155,1
DA:157,2
DA:159,1
DA:161,1
DA:162,1
DA:164,1
DA:166,1
LF:63
LH:62
end_of_record
SF:lib\presentation\provider\gomu_tv_search_notifier.dart
DA:18,1
DA:21,2
DA:23,0
DA:25,2
DA:27,2
DA:30,1
DA:33,1
DA:35,1
DA:37,3
DA:40,1
DA:41,1
DA:42,2
DA:44,1
DA:46,1
DA:48,1
DA:49,1
DA:51,1
DA:53,1
LF:18
LH:17
end_of_record
SF:lib\presentation\screen\gomu_tv_main_screen.dart
DA:8,0
DA:11,0
DA:12,0
DA:16,0
DA:18,0
DA:19,0
DA:20,0
DA:21,0
DA:22,0
DA:23,0
DA:26,0
DA:28,0
DA:29,0
DA:30,0
DA:31,0
DA:33,0
DA:34,0
DA:37,0
DA:39,0
DA:41,0
DA:43,0
DA:44,0
DA:45,0
DA:46,0
DA:51,0
DA:53,0
DA:54,0
DA:55,0
DA:56,0
DA:58,0
DA:60,0
DA:62,0
DA:67,0
DA:69,0
DA:70,0
DA:71,0
DA:74,0
DA:76,0
DA:81,0
DA:82,0
DA:83,0
DA:87,0
DA:88,0
DA:90,0
DA:92,0
DA:93,0
DA:94,0
DA:101,0
DA:103,0
DA:104,0
DA:105,0
DA:108,0
DA:110,0
DA:114,0
DA:115,0
DA:116,0
DA:119,0
DA:120,0
DA:122,0
DA:123,0
DA:125,0
DA:127,0
DA:135,0
DA:136,0
DA:137,0
DA:138,0
DA:142,0
DA:143,0
DA:145,0
DA:147,0
DA:148,0
DA:149,0
DA:156,0
DA:158,0
DA:159,0
DA:160,0
DA:163,0
DA:165,0
DA:169,0
DA:170,0
DA:171,0
DA:174,0
DA:175,0
DA:177,0
DA:178,0
DA:180,0
DA:182,0
DA:190,0
DA:191,0
DA:192,0
DA:193,0
DA:197,0
DA:198,0
DA:200,0
DA:202,0
DA:203,0
DA:204,0
LF:97
LH:0
end_of_record
SF:lib\presentation\screen\gomu_tv_detail_screen.dart
DA:13,2
DA:15,1
DA:16,1
DA:20,1
DA:22,1
DA:23,2
DA:24,2
DA:25,3
DA:26,2
DA:27,3
DA:31,1
DA:33,1
DA:34,1
DA:35,1
DA:36,2
DA:40,2
DA:41,1
DA:42,1
DA:43,1
DA:45,1
DA:46,1
DA:50,0
DA:63,1
DA:65,1
DA:67,1
DA:69,3
DA:70,1
DA:71,1
DA:72,1
DA:73,3
DA:75,1
DA:78,0
DA:80,1
DA:82,1
DA:83,1
DA:84,1
DA:94,1
DA:95,1
DA:96,1
DA:98,1
DA:100,1
DA:102,1
DA:103,1
DA:104,2
DA:105,1
DA:107,1
DA:108,1
DA:109,1
DA:110,2
DA:113,2
DA:115,0
DA:118,0
DA:122,1
DA:125,1
DA:127,1
DA:130,1
DA:133,2
DA:134,2
DA:136,1
DA:138,1
DA:139,1
DA:140,1
DA:145,1
DA:147,1
DA:148,1
DA:155,1
DA:156,3
DA:158,1
DA:159,1
DA:160,1
DA:161,1
DA:162,4
DA:165,1
DA:166,4
DA:171,1
DA:172,1
DA:173,1
DA:174,3
DA:176,1
DA:182,4
DA:186,1
DA:188,1
DA:190,1
DA:191,2
DA:194,1
DA:196,1
DA:198,1
DA:199,1
DA:200,2
DA:205,2
DA:207,0
DA:208,2
DA:210,1
DA:212,1
DA:214,0
DA:215,0
DA:216,0
DA:218,0
DA:219,0
DA:220,0
DA:224,0
DA:227,0
DA:232,0
DA:234,0
DA:235,0
DA:241,0
DA:248,2
DA:252,0
DA:260,1
DA:262,1
DA:277,1
DA:279,1
DA:282,1
DA:284,0
DA:285,0
DA:294,1
DA:296,2
DA:297,3
DA:300,1
DA:304,3
LF:120
LH:100
end_of_record
SF:lib\presentation\screen\gomu_tv_popular_screen.dart
DA:9,2
DA:11,1
DA:13,1
DA:17,1
DA:19,1
DA:20,2
DA:21,2
DA:22,1
DA:25,1
DA:27,1
DA:28,1
DA:30,1
DA:31,0
DA:32,0
DA:40,1
DA:42,1
DA:45,1
DA:47,1
DA:48,1
DA:49,2
DA:53,2
DA:54,0
DA:55,0
DA:56,0
DA:58,0
DA:61,1
DA:63,1
DA:64,1
DA:65,1
LF:29
LH:23
end_of_record
SF:lib\presentation\screen\gomu_tv_top_rated_screen.dart
DA:9,2
DA:11,1
DA:13,1
DA:17,1
DA:19,1
DA:20,2
DA:21,2
DA:22,1
DA:25,1
DA:27,1
DA:28,1
DA:30,1
DA:31,0
DA:32,0
DA:40,1
DA:42,1
DA:45,1
DA:47,1
DA:48,1
DA:49,2
DA:53,2
DA:54,0
DA:55,0
DA:56,0
DA:58,0
DA:61,1
DA:63,1
DA:64,1
DA:65,1
LF:29
LH:23
end_of_record
SF:lib\presentation\widget\gomu_tv_content_card_widget.dart
DA:12,0
DA:14,0
DA:16,0
DA:18,0
DA:19,0
DA:22,0
DA:23,0
DA:24,0
DA:26,0
DA:27,0
DA:28,0
DA:29,0
DA:30,0
DA:31,0
DA:35,0
DA:36,0
DA:38,0
DA:41,0
DA:42,0
DA:43,0
DA:44,0
DA:48,0
DA:49,0
DA:50,0
DA:52,0
DA:57,0
DA:59,0
DA:60,0
DA:61,0
DA:65,0
DA:66,0
DA:67,0
LF:32
LH:0
end_of_record
SF:lib\presentation\widget\gomu_tv_content_poster_widget.dart
DA:11,0
DA:13,0
DA:15,0
DA:17,0
DA:19,0
DA:20,0
DA:23,0
DA:24,0
DA:25,0
DA:26,0
DA:28,0
DA:30,0
DA:31,0
DA:33,0
DA:35,0
DA:36,0
DA:39,0
DA:43,0
DA:44,0
DA:45,0
DA:48,0
DA:49,0
DA:58,0
LF:23
LH:0
end_of_record
