SF:lib\domain\entities\gomu_movie_entity.dart
DA:35,4
DA:51,1
DA:57,0
DA:58,0
DA:59,0
DA:60,0
DA:61,0
DA:62,0
DA:63,0
DA:64,0
DA:65,0
DA:66,0
DA:67,0
DA:68,0
DA:69,0
DA:70,0
DA:71,0
DA:103,4
DA:117,0
DA:118,0
DA:119,0
DA:120,0
DA:121,0
DA:122,0
DA:123,0
DA:124,0
DA:125,0
DA:126,0
DA:127,0
DA:128,0
DA:129,0
DA:140,4
DA:142,0
DA:143,0
LF:34
LH:4
end_of_record
SF:lib\domain\usecases\get_gomu_movie_detail_case.dart
DA:10,1
DA:13,1
DA:15,2
DA:19,1
DA:21,2
LF:5
LH:5
end_of_record
SF:lib\domain\usecases\get_gomu_movie_list_case.dart
DA:10,1
DA:13,1
DA:15,2
DA:19,1
DA:20,2
DA:24,1
DA:25,2
LF:7
LH:7
end_of_record
SF:lib\domain\usecases\get_gomu_movie_watchlist.dart
DA:11,1
DA:14,1
DA:16,2
DA:20,1
DA:21,2
DA:31,1
DA:34,1
DA:36,2
DA:46,1
DA:49,1
DA:51,2
LF:11
LH:11
end_of_record
SF:lib\domain\usecases\search_gomu_movie_case.dart
DA:10,1
DA:13,1
DA:15,2
LF:3
LH:3
end_of_record
SF:lib\presentation\provider\gomu_movie_detail_notifier.dart
DA:34,1
DA:42,2
DA:44,2
DA:46,2
DA:48,2
DA:50,2
DA:52,2
DA:54,2
DA:57,1
DA:60,1
DA:62,1
DA:64,3
DA:67,3
DA:70,1
DA:71,1
DA:72,1
DA:74,2
DA:76,1
DA:78,1
DA:79,1
DA:81,1
DA:83,1
DA:85,1
DA:86,1
DA:87,1
DA:89,2
DA:91,1
DA:92,1
DA:94,1
DA:97,1
DA:99,1
DA:105,1
DA:106,3
DA:107,1
DA:109,1
DA:113,1
DA:116,3
DA:119,2
DA:120,1
DA:121,2
DA:123,1
DA:124,1
DA:128,3
DA:132,1
DA:135,3
DA:138,2
DA:139,0
DA:140,0
DA:142,1
DA:143,1
DA:147,3
LF:51
LH:49
end_of_record
SF:lib\presentation\provider\gomu_movie_list_notifier.dart
DA:30,1
DA:37,2
DA:39,2
DA:41,2
DA:43,2
DA:45,0
DA:47,2
DA:49,2
DA:51,2
DA:53,2
DA:55,2
DA:58,1
DA:60,1
DA:62,1
DA:64,3
DA:67,1
DA:68,1
DA:69,1
DA:71,2
DA:73,1
DA:75,1
DA:76,1
DA:78,1
DA:80,1
DA:86,1
DA:88,1
DA:90,1
DA:92,3
DA:95,1
DA:96,1
DA:97,1
DA:99,2
DA:101,1
DA:103,1
DA:104,1
DA:106,1
DA:108,1
DA:114,1
DA:116,1
DA:118,1
DA:120,3
DA:123,1
DA:124,1
DA:125,1
DA:127,2
DA:129,1
DA:131,1
DA:132,1
DA:134,1
DA:136,1
DA:142,1
DA:143,1
DA:145,1
DA:147,3
DA:149,1
DA:150,1
DA:151,1
DA:153,2
DA:155,1
DA:157,1
DA:158,1
DA:160,1
DA:162,1
LF:63
LH:62
end_of_record
SF:lib\presentation\provider\gomu_movie_search_notifier.dart
DA:16,1
DA:19,2
DA:21,2
DA:23,2
DA:26,1
DA:29,1
DA:31,1
DA:33,3
DA:36,1
DA:37,1
DA:38,2
DA:39,1
DA:40,1
DA:42,1
DA:43,1
DA:44,1
DA:45,1
LF:17
LH:17
end_of_record
SF:lib\presentation\screen\gomu_movie_detail_screen.dart
DA:12,1
DA:13,1
DA:15,1
DA:17,1
DA:21,1
DA:23,1
DA:24,2
DA:25,2
DA:26,3
DA:27,2
DA:28,3
DA:32,1
DA:34,1
DA:35,1
DA:36,1
DA:37,2
DA:41,2
DA:42,1
DA:43,1
DA:44,1
DA:45,1
DA:46,1
DA:50,0
DA:63,1
DA:65,1
DA:67,1
DA:69,3
DA:70,1
DA:71,1
DA:72,1
DA:73,3
DA:75,1
DA:78,0
DA:80,1
DA:82,1
DA:83,1
DA:84,1
DA:94,1
DA:95,1
DA:96,1
DA:98,1
DA:100,1
DA:102,1
DA:103,1
DA:104,2
DA:105,1
DA:107,1
DA:108,1
DA:109,1
DA:110,2
DA:114,2
DA:116,0
DA:120,0
DA:124,1
DA:127,1
DA:129,1
DA:132,1
DA:135,2
DA:136,2
DA:138,1
DA:140,1
DA:141,1
DA:142,1
DA:147,1
DA:149,1
DA:150,1
DA:157,1
DA:158,3
DA:160,1
DA:161,1
DA:162,1
DA:163,3
DA:165,1
DA:171,4
DA:175,1
DA:177,1
DA:179,1
DA:180,2
DA:183,1
DA:185,1
DA:187,1
DA:188,1
DA:189,2
DA:194,2
DA:196,0
DA:197,2
DA:199,1
DA:201,1
DA:203,0
DA:204,0
DA:205,0
DA:207,0
DA:208,0
DA:209,0
DA:213,0
DA:216,0
DA:221,0
DA:223,0
DA:224,0
DA:230,0
DA:237,2
DA:241,0
DA:249,1
DA:251,1
DA:266,1
DA:268,1
DA:271,1
DA:273,0
DA:274,0
DA:283,1
DA:285,2
DA:286,3
DA:289,1
DA:293,3
LF:114
LH:94
end_of_record
SF:lib\presentation\screen\gomu_movie_popular_screen.dart
DA:9,2
DA:11,1
DA:13,1
DA:18,1
DA:20,1
DA:21,2
DA:22,2
DA:23,1
DA:26,1
DA:28,1
DA:29,1
DA:31,1
DA:32,0
DA:33,0
DA:41,1
DA:43,1
DA:46,1
DA:48,1
DA:49,1
DA:50,2
DA:54,2
DA:55,0
DA:56,0
DA:57,0
DA:58,0
DA:60,1
DA:63,1
DA:65,1
DA:66,1
DA:67,1
LF:30
LH:24
end_of_record
SF:lib\presentation\screen\gomu_movie_top_rated_screen.dart
DA:9,2
DA:11,1
DA:13,1
DA:18,1
DA:20,1
DA:21,2
DA:22,2
DA:23,1
DA:26,1
DA:28,1
DA:29,1
DA:31,1
DA:32,0
DA:33,0
DA:41,1
DA:43,1
DA:46,1
DA:48,1
DA:49,1
DA:50,2
DA:54,2
DA:55,0
DA:56,0
DA:57,0
DA:58,0
DA:60,0
DA:63,1
DA:65,1
DA:66,1
DA:67,1
LF:30
LH:23
end_of_record
SF:lib\presentation\screen\gomu_movie_main_screen.dart
DA:10,0
DA:12,0
DA:14,0
DA:18,0
DA:20,0
DA:21,0
DA:22,0
DA:23,0
DA:24,0
DA:25,0
DA:28,0
DA:30,0
DA:31,0
DA:32,0
DA:33,0
DA:35,0
DA:36,0
DA:39,0
DA:41,0
DA:43,0
DA:45,0
DA:46,0
DA:47,0
DA:48,0
DA:53,0
DA:55,0
DA:56,0
DA:57,0
DA:58,0
DA:60,0
DA:62,0
DA:64,0
DA:69,0
DA:71,0
DA:72,0
DA:73,0
DA:76,0
DA:78,0
DA:83,0
DA:84,0
DA:85,0
DA:86,0
DA:90,0
DA:91,0
DA:93,0
DA:95,0
DA:96,0
DA:97,0
DA:104,0
DA:106,0
DA:107,0
DA:108,0
DA:111,0
DA:113,0
DA:117,0
DA:118,0
DA:119,0
DA:122,0
DA:123,0
DA:125,0
DA:126,0
DA:128,0
DA:130,0
DA:138,0
DA:139,0
DA:140,0
DA:141,0
DA:145,0
DA:146,0
DA:148,0
DA:150,0
DA:151,0
DA:152,0
DA:159,0
DA:161,0
DA:162,0
DA:163,0
DA:166,0
DA:168,0
DA:172,0
DA:173,0
DA:174,0
DA:177,0
DA:178,0
DA:180,0
DA:181,0
DA:183,0
DA:185,0
DA:193,0
DA:194,0
DA:195,0
DA:196,0
DA:200,0
DA:201,0
DA:203,0
DA:205,0
DA:206,0
DA:207,0
LF:98
LH:0
end_of_record
SF:lib\presentation\widget\gomu_movie_content_poster_widget.dart
DA:11,0
DA:13,0
DA:15,0
DA:17,0
DA:19,0
DA:20,0
DA:21,0
DA:24,0
DA:25,0
DA:26,0
DA:28,0
DA:30,0
DA:32,0
DA:33,0
DA:35,0
DA:37,0
DA:38,0
DA:41,0
DA:45,0
DA:46,0
DA:47,0
DA:50,0
DA:51,0
DA:60,0
LF:24
LH:0
end_of_record
SF:lib\presentation\widget\gomu_movie_content_card_widget.dart
DA:12,0
DA:13,0
DA:15,0
DA:17,0
DA:19,0
DA:20,0
DA:23,0
DA:24,0
DA:25,0
DA:27,0
DA:28,0
DA:29,0
DA:30,0
DA:31,0
DA:32,0
DA:36,0
DA:37,0
DA:39,0
DA:42,0
DA:43,0
DA:44,0
DA:45,0
DA:49,0
DA:50,0
DA:51,0
DA:53,0
DA:58,0
DA:60,0
DA:61,0
DA:62,0
DA:66,0
DA:67,0
DA:68,0
LF:33
LH:0
end_of_record
