SF:./module/gomucore/lib\data\models\gomu_movie_model.dart
DA:34,4
DA:50,2
DA:51,2
DA:52,2
DA:53,2
DA:54,8
DA:55,2
DA:56,2
DA:57,2
DA:58,4
DA:59,2
DA:60,2
DA:61,2
DA:62,2
DA:63,4
DA:64,2
DA:67,2
DA:68,1
DA:69,1
DA:70,4
DA:71,1
DA:72,1
DA:73,1
DA:74,1
DA:75,1
DA:76,1
DA:77,1
DA:78,1
DA:79,1
DA:80,1
DA:84,2
DA:85,2
DA:86,2
DA:87,2
DA:88,2
DA:89,2
DA:90,2
DA:91,2
DA:92,2
DA:93,2
DA:94,2
DA:95,2
DA:96,2
DA:97,2
DA:98,2
DA:101,2
DA:102,2
DA:103,2
DA:104,2
DA:105,2
DA:106,2
DA:107,2
DA:108,2
DA:109,2
DA:110,2
DA:111,2
DA:112,2
DA:113,2
DA:114,2
DA:115,2
DA:165,2
DA:189,1
DA:190,1
DA:191,1
DA:192,1
DA:193,1
DA:194,1
DA:195,4
DA:196,1
DA:197,1
DA:198,1
DA:199,1
DA:200,1
DA:201,1
DA:202,2
DA:203,1
DA:204,1
DA:205,1
DA:206,1
DA:207,1
DA:208,1
DA:209,1
DA:210,1
DA:211,2
DA:212,1
DA:215,0
DA:216,0
DA:217,0
DA:218,0
DA:219,0
DA:220,0
DA:221,0
DA:222,0
DA:223,0
DA:224,0
DA:225,0
DA:226,0
DA:227,0
DA:228,0
DA:229,0
DA:230,0
DA:231,0
DA:232,0
DA:233,0
DA:234,0
DA:235,0
DA:236,0
DA:240,1
DA:241,1
DA:242,1
DA:243,1
DA:244,5
DA:245,1
DA:246,1
DA:247,1
DA:248,1
DA:249,1
DA:250,1
DA:251,1
DA:252,1
DA:253,1
DA:256,1
DA:257,1
DA:258,1
DA:259,1
DA:260,1
DA:261,1
DA:262,1
DA:263,1
DA:264,1
DA:265,1
DA:266,1
DA:267,1
DA:268,1
DA:269,1
DA:270,1
DA:271,1
DA:272,1
DA:273,1
DA:274,1
DA:275,1
DA:276,1
DA:277,1
DA:278,1
DA:294,2
DA:301,1
DA:303,1
DA:304,1
DA:305,1
DA:306,1
DA:307,1
DA:310,1
DA:311,1
DA:312,1
DA:313,1
DA:314,1
DA:315,1
DA:318,0
DA:319,0
DA:320,0
DA:321,0
DA:322,0
DA:326,0
DA:327,0
DA:329,2
DA:330,10
DA:340,2
DA:346,1
DA:347,3
DA:350,0
DA:352,1
DA:353,3
DA:356,1
DA:357,3
LF:174
LH:144
end_of_record
SF:./module/gomucore/lib\data\models\gomu_tv_model.dart
DA:30,4
DA:44,2
DA:45,2
DA:46,2
DA:47,8
DA:48,2
DA:49,2
DA:50,2
DA:51,4
DA:52,2
DA:53,2
DA:54,2
DA:55,4
DA:56,2
DA:59,2
DA:60,1
DA:61,4
DA:62,1
DA:63,1
DA:64,1
DA:65,1
DA:66,1
DA:67,1
DA:68,1
DA:69,1
DA:70,1
DA:74,2
DA:75,2
DA:76,2
DA:77,2
DA:78,2
DA:79,2
DA:80,2
DA:81,2
DA:82,2
DA:83,2
DA:84,2
DA:85,2
DA:86,2
DA:89,2
DA:90,2
DA:91,2
DA:92,2
DA:93,2
DA:94,2
DA:95,2
DA:96,2
DA:97,2
DA:98,2
DA:99,2
DA:100,2
DA:101,2
DA:143,2
DA:163,1
DA:164,1
DA:165,1
DA:166,1
DA:167,4
DA:168,1
DA:169,1
DA:170,1
DA:171,1
DA:172,1
DA:173,2
DA:174,1
DA:175,1
DA:176,1
DA:177,1
DA:178,1
DA:179,1
DA:180,1
DA:181,2
DA:182,1
DA:185,0
DA:186,0
DA:187,0
DA:188,0
DA:189,0
DA:190,0
DA:191,0
DA:192,0
DA:193,0
DA:194,0
DA:195,0
DA:196,0
DA:197,0
DA:198,0
DA:199,0
DA:200,0
DA:201,0
DA:202,0
DA:206,1
DA:207,1
DA:208,1
DA:209,5
DA:210,1
DA:211,1
DA:212,1
DA:213,1
DA:214,1
DA:215,1
DA:216,1
DA:217,1
DA:218,1
DA:219,1
DA:222,1
DA:223,1
DA:224,1
DA:225,1
DA:226,1
DA:227,1
DA:228,1
DA:229,1
DA:230,1
DA:231,1
DA:232,1
DA:233,1
DA:234,1
DA:235,1
DA:236,1
DA:237,1
DA:238,1
DA:250,2
DA:253,1
DA:254,3
DA:257,0
DA:260,1
DA:261,3
DA:264,1
DA:265,3
DA:280,2
DA:287,1
DA:288,1
DA:289,1
DA:290,1
DA:291,1
DA:292,1
DA:294,1
DA:295,1
DA:296,1
DA:297,1
DA:298,1
DA:299,1
DA:302,0
DA:303,0
DA:306,0
DA:307,0
DA:308,0
DA:309,0
DA:310,0
DA:313,2
DA:314,10
LF:152
LH:126
end_of_record
SF:./module/gomucore/lib\data\repositories\gomu_movie_repository_impl.dart
DA:11,1
DA:16,1
DA:20,3
DA:22,5
DA:25,1
DA:27,1
DA:35,1
DA:39,3
DA:41,2
DA:44,1
DA:46,1
DA:54,1
DA:58,3
DA:60,3
DA:63,1
DA:65,1
DA:73,1
DA:77,3
DA:79,5
DA:82,1
DA:84,1
DA:92,1
DA:96,3
DA:98,5
DA:101,1
DA:103,1
DA:111,1
DA:115,3
DA:117,5
DA:120,1
DA:122,1
DA:129,1
DA:130,3
DA:138,0
DA:140,0
DA:142,0
DA:147,1
DA:152,3
DA:153,1
DA:155,1
DA:158,1
DA:159,3
DA:167,1
DA:172,3
DA:173,1
DA:175,1
DA:178,1
DA:179,3
LF:48
LH:45
end_of_record
SF:./module/gomucore/lib\common\constants.dart
DA:15,0
DA:17,0
DA:18,0
DA:19,0
DA:20,0
DA:21,0
LF:6
LH:0
end_of_record
SF:./module/gomucore/lib\common\static.dart
DA:9,6
DA:12,0
DA:21,2
DA:28,13
DA:30,1
DA:31,2
DA:35,14
DA:39,14
DA:43,2
DA:56,0
DA:58,0
DA:60,0
DA:71,0
DA:73,0
DA:76,0
DA:78,0
DA:89,0
DA:91,0
DA:93,0
DA:97,0
LF:20
LH:8
end_of_record
SF:./module/gomucore/lib\data\datasources\gomu_movie_datasource_handler.dart
DA:12,0
DA:17,0
DA:18,0
DA:21,0
DA:22,0
DA:28,0
DA:29,0
DA:31,0
DA:33,0
DA:39,0
DA:40,0
DA:48,0
DA:52,0
DA:53,0
DA:56,0
DA:58,0
DA:59,0
DA:66,0
DA:67,0
DA:70,0
DA:76,0
DA:78,0
DA:80,0
DA:84,0
DA:86,0
DA:88,0
DA:91,0
LF:27
LH:0
end_of_record
SF:./module/gomucore/lib\data\datasources\gomu_movie_remote_datasource.dart
DA:40,1
DA:45,1
DA:47,5
DA:49,2
DA:50,3
DA:51,1
DA:53,1
DA:59,1
DA:61,5
DA:63,2
DA:64,3
DA:65,1
DA:67,1
DA:73,1
DA:75,5
DA:77,2
DA:78,3
DA:79,1
DA:81,1
DA:87,1
DA:88,5
DA:90,2
DA:91,3
DA:93,1
DA:99,1
DA:101,2
DA:102,3
DA:104,2
DA:105,3
DA:106,1
DA:108,1
DA:114,1
DA:116,2
DA:117,3
DA:119,2
DA:120,3
DA:121,1
DA:123,1
DA:129,1
DA:131,3
DA:134,1
DA:143,1
DA:144,3
DA:147,3
DA:148,1
DA:153,1
DA:157,3
DA:163,2
DA:169,1
DA:173,3
DA:179,2
LF:51
LH:51
end_of_record
SF:./module/gomucore/lib\data\datasources\gomu_tv_datasource_handler.dart
DA:14,0
DA:19,0
DA:20,0
DA:23,0
DA:24,0
DA:31,0
DA:33,0
DA:35,0
DA:37,0
DA:44,0
DA:45,0
DA:52,0
DA:56,0
DA:58,0
DA:60,0
DA:61,0
DA:63,0
DA:64,0
DA:71,0
DA:73,0
DA:76,0
DA:83,0
DA:85,0
DA:88,0
DA:92,0
DA:94,0
DA:97,0
DA:98,0
LF:28
LH:0
end_of_record
SF:./module/gomucore/lib\data\datasources\gomu_tv_remote_datasource.dart
DA:39,1
DA:44,1
DA:47,5
DA:50,2
DA:51,3
DA:52,1
DA:54,1
DA:60,1
DA:62,5
DA:65,2
DA:66,3
DA:67,1
DA:69,1
DA:75,1
DA:78,5
DA:81,2
DA:82,3
DA:83,1
DA:85,1
DA:91,1
DA:93,5
DA:96,2
DA:97,3
DA:99,1
DA:105,1
DA:109,5
DA:112,2
DA:113,3
DA:114,1
DA:116,1
DA:122,1
DA:125,5
DA:128,2
DA:129,3
DA:130,1
DA:132,1
DA:138,1
DA:140,3
DA:144,1
DA:152,1
DA:154,3
DA:158,3
DA:159,1
DA:164,1
DA:168,3
DA:174,2
DA:180,1
DA:184,3
DA:190,2
LF:49
LH:49
end_of_record
SF:./module/gomucore/lib\data\models\gomu_movie_response_model.dart
DA:9,2
DA:12,2
DA:13,2
DA:14,4
DA:15,6
DA:16,6
DA:20,2
DA:21,5
DA:24,1
DA:25,2
LF:10
LH:10
end_of_record
SF:./module/gomucore/lib\data\models\gomu_tv_response_model.dart
DA:9,2
DA:12,2
DA:13,2
DA:14,4
DA:15,6
DA:16,6
DA:20,2
DA:21,5
DA:24,1
DA:25,2
LF:10
LH:10
end_of_record
SF:./module/gomucore/lib\data\repositories\gomu_tv_repository_impl.dart
DA:11,1
DA:16,1
DA:19,3
DA:21,5
DA:24,1
DA:26,1
DA:34,1
DA:37,3
DA:39,2
DA:42,1
DA:44,1
DA:52,1
DA:56,3
DA:58,3
DA:61,1
DA:63,1
DA:71,1
DA:74,3
DA:77,5
DA:78,1
DA:80,1
DA:88,1
DA:91,3
DA:93,5
DA:96,1
DA:98,1
DA:105,1
DA:109,3
DA:111,5
DA:114,1
DA:116,1
DA:123,1
DA:125,3
DA:134,0
DA:136,0
DA:139,0
DA:144,1
DA:148,3
DA:149,1
DA:151,1
DA:154,1
DA:155,3
DA:163,1
DA:167,3
DA:168,1
DA:170,1
DA:173,1
DA:174,3
LF:48
LH:45
end_of_record
SF:./module/gomucore/lib\presentation\screen\gomu_about_screen.dart
DA:5,0
DA:8,0
DA:9,0
DA:13,0
DA:15,0
DA:16,0
DA:18,0
DA:19,0
DA:20,0
DA:28,0
DA:30,0
DA:33,0
DA:35,0
DA:37,0
DA:38,0
DA:42,0
DA:44,0
DA:46,0
DA:48,0
LF:19
LH:0
end_of_record
SF:./module/gomucore/lib\presentation\screen\gomu_splash_screen.dart
DA:7,0
DA:10,0
DA:11,0
DA:15,0
DA:17,0
DA:20,0
DA:22,0
DA:23,0
DA:26,0
DA:27,0
DA:30,0
DA:32,0
DA:34,0
DA:35,0
DA:37,0
DA:38,0
DA:39,0
DA:40,0
DA:45,0
LF:19
LH:0
end_of_record
SF:./module/gomucore/lib\presentation\screen\gomu_watchlist_screen.dart
DA:9,0
DA:12,0
DA:13,0
DA:17,0
DA:19,0
DA:20,0
DA:21,0
DA:24,0
DA:25,0
DA:26,0
DA:29,0
DA:31,0
DA:34,0
DA:36,0
DA:37,0
DA:40,0
DA:42,0
DA:43,0
DA:45,0
DA:46,0
DA:47,0
DA:55,0
DA:57,0
DA:60,0
DA:61,0
DA:62,0
DA:64,0
DA:66,0
DA:68,0
DA:73,0
DA:74,0
DA:75,0
DA:76,0
DA:80,0
DA:81,0
DA:82,0
DA:83,0
DA:84,0
DA:86,0
DA:90,0
DA:92,0
DA:93,0
DA:94,0
DA:100,0
DA:102,0
DA:104,0
DA:106,0
DA:111,0
DA:112,0
DA:113,0
DA:117,0
DA:118,0
DA:132,0
DA:134,0
DA:135,0
LF:55
LH:0
end_of_record
SF:./module/gomucore/lib\presentation\screen\gomu_search_screen.dart
DA:13,0
DA:15,0
DA:16,0
DA:18,0
DA:19,0
DA:20,0
DA:28,0
DA:30,0
DA:33,0
DA:35,0
DA:36,0
DA:37,0
DA:38,0
DA:43,0
DA:44,0
DA:45,0
DA:47,0
DA:48,0
DA:52,0
DA:53,0
DA:54,0
DA:55,0
DA:58,0
DA:60,0
DA:62,0
DA:63,0
DA:64,0
DA:71,0
DA:72,0
DA:73,0
DA:74,0
DA:75,0
DA:77,0
DA:78,0
DA:79,0
DA:81,0
DA:82,0
DA:83,0
DA:85,0
DA:88,0
DA:89,0
DA:90,0
DA:92,0
DA:93,0
DA:94,0
DA:97,0
LF:46
LH:0
end_of_record
SF:./module/gomucore/lib\presentation\widget\gomu_constant_widget.dart
DA:5,18
DA:7,0
DA:9,0
DA:20,18
DA:22,0
DA:24,0
DA:31,18
DA:33,0
DA:35,0
DA:46,18
DA:48,0
DA:50,0
LF:12
LH:4
end_of_record
SF:./module/gomucore/lib\presentation\widget\gomu_drawer_widget.dart
DA:7,0
DA:9,0
DA:10,0
DA:11,0
DA:12,0
DA:21,0
DA:26,0
DA:28,0
DA:30,0
DA:31,0
DA:34,0
DA:39,0
DA:41,0
DA:43,0
DA:44,0
DA:47,0
DA:52,0
DA:54,0
DA:56,0
DA:57,0
DA:60,0
DA:65,0
DA:67,0
DA:69,0
DA:70,0
LF:25
LH:0
end_of_record
SF:./module/gomumovie/lib\domain\entities\gomu_movie_entity.dart
DA:35,4
DA:51,1
DA:57,0
DA:58,0
DA:59,0
DA:60,0
DA:61,0
DA:62,0
DA:63,0
DA:64,0
DA:65,0
DA:66,0
DA:67,0
DA:68,0
DA:69,0
DA:70,0
DA:71,0
DA:103,4
DA:117,0
DA:118,0
DA:119,0
DA:120,0
DA:121,0
DA:122,0
DA:123,0
DA:124,0
DA:125,0
DA:126,0
DA:127,0
DA:128,0
DA:129,0
DA:140,4
DA:142,0
DA:143,0
LF:34
LH:4
end_of_record
SF:./module/gomumovie/lib\domain\usecases\get_gomu_movie_detail_case.dart
DA:10,1
DA:13,1
DA:15,2
DA:19,1
DA:21,2
LF:5
LH:5
end_of_record
SF:./module/gomumovie/lib\domain\usecases\get_gomu_movie_list_case.dart
DA:10,1
DA:13,1
DA:15,2
DA:19,1
DA:20,2
DA:24,1
DA:25,2
LF:7
LH:7
end_of_record
SF:./module/gomumovie/lib\domain\usecases\get_gomu_movie_watchlist.dart
DA:11,1
DA:14,1
DA:16,2
DA:20,1
DA:21,2
DA:31,1
DA:34,1
DA:36,2
DA:46,1
DA:49,1
DA:51,2
LF:11
LH:11
end_of_record
SF:./module/gomumovie/lib\domain\usecases\search_gomu_movie_case.dart
DA:10,1
DA:13,1
DA:15,2
LF:3
LH:3
end_of_record
SF:./module/gomumovie/lib\presentation\provider\gomu_movie_detail_notifier.dart
DA:34,1
DA:42,2
DA:44,2
DA:46,2
DA:48,2
DA:50,2
DA:52,2
DA:54,2
DA:57,1
DA:60,1
DA:62,1
DA:64,3
DA:67,3
DA:70,1
DA:71,1
DA:72,1
DA:74,2
DA:76,1
DA:78,1
DA:79,1
DA:81,1
DA:83,1
DA:85,1
DA:86,1
DA:87,1
DA:89,2
DA:91,1
DA:92,1
DA:94,1
DA:97,1
DA:99,1
DA:105,1
DA:106,3
DA:107,1
DA:109,1
DA:113,1
DA:116,3
DA:119,2
DA:120,1
DA:121,2
DA:123,1
DA:124,1
DA:128,3
DA:132,1
DA:135,3
DA:138,2
DA:139,0
DA:140,0
DA:142,1
DA:143,1
DA:147,3
LF:51
LH:49
end_of_record
SF:./module/gomumovie/lib\presentation\provider\gomu_movie_list_notifier.dart
DA:30,1
DA:37,2
DA:39,2
DA:41,2
DA:43,2
DA:45,0
DA:47,2
DA:49,2
DA:51,2
DA:53,2
DA:55,2
DA:58,1
DA:60,1
DA:62,1
DA:64,3
DA:67,1
DA:68,1
DA:69,1
DA:71,2
DA:73,1
DA:75,1
DA:76,1
DA:78,1
DA:80,1
DA:86,1
DA:88,1
DA:90,1
DA:92,3
DA:95,1
DA:96,1
DA:97,1
DA:99,2
DA:101,1
DA:103,1
DA:104,1
DA:106,1
DA:108,1
DA:114,1
DA:116,1
DA:118,1
DA:120,3
DA:123,1
DA:124,1
DA:125,1
DA:127,2
DA:129,1
DA:131,1
DA:132,1
DA:134,1
DA:136,1
DA:142,1
DA:143,1
DA:145,1
DA:147,3
DA:149,1
DA:150,1
DA:151,1
DA:153,2
DA:155,1
DA:157,1
DA:158,1
DA:160,1
DA:162,1
LF:63
LH:62
end_of_record
SF:./module/gomumovie/lib\presentation\provider\gomu_movie_search_notifier.dart
DA:16,1
DA:19,2
DA:21,2
DA:23,2
DA:26,1
DA:29,1
DA:31,1
DA:33,3
DA:36,1
DA:37,1
DA:38,2
DA:39,1
DA:40,1
DA:42,1
DA:43,1
DA:44,1
DA:45,1
LF:17
LH:17
end_of_record
SF:./module/gomumovie/lib\presentation\screen\gomu_movie_detail_screen.dart
DA:10,1
DA:11,1
DA:13,1
DA:15,1
DA:19,1
DA:21,1
DA:22,2
DA:23,2
DA:24,3
DA:26,2
DA:27,3
DA:31,1
DA:33,1
DA:34,1
DA:35,1
DA:36,2
DA:40,2
DA:41,1
DA:42,1
DA:43,1
DA:44,1
DA:45,1
DA:49,0
LF:23
LH:22
end_of_record
SF:./module/gomumovie/lib\presentation\screen\gomu_movie_popular_screen.dart
DA:9,2
DA:11,1
DA:13,1
DA:18,1
DA:20,1
DA:21,2
DA:22,2
DA:23,1
DA:26,1
DA:28,1
DA:29,1
DA:31,1
DA:32,0
DA:33,0
DA:41,1
DA:43,1
DA:46,1
DA:48,1
DA:49,1
DA:50,2
DA:54,2
DA:55,1
DA:56,0
DA:57,0
DA:58,0
DA:60,2
DA:63,1
DA:65,1
DA:66,1
DA:67,1
LF:30
LH:25
end_of_record
SF:./module/gomumovie/lib\presentation\screen\gomu_movie_top_rated_screen.dart
DA:9,2
DA:11,1
DA:13,1
DA:18,1
DA:20,1
DA:21,2
DA:22,2
DA:23,1
DA:26,1
DA:28,1
DA:29,1
DA:31,1
DA:32,0
DA:33,0
DA:41,1
DA:43,1
DA:46,1
DA:48,1
DA:49,1
DA:50,2
DA:54,2
DA:55,1
DA:56,0
DA:57,0
DA:58,0
DA:60,2
DA:63,1
DA:65,1
DA:66,1
DA:67,1
LF:30
LH:25
end_of_record
SF:./module/gomumovie/lib\presentation\screen\gomu_movie_main_screen.dart
DA:9,2
DA:11,1
DA:13,1
DA:17,1
DA:19,1
DA:20,1
DA:21,3
DA:22,1
DA:23,1
DA:24,1
DA:27,1
DA:29,1
DA:30,1
DA:31,1
DA:33,1
DA:35,1
DA:37,1
DA:38,1
DA:39,0
DA:40,0
DA:45,1
DA:47,1
DA:48,1
DA:49,1
DA:50,1
DA:52,1
DA:54,1
DA:56,1
DA:61,1
DA:63,1
DA:64,1
DA:65,1
DA:68,1
DA:70,1
DA:75,1
DA:76,1
DA:77,1
DA:78,1
DA:82,1
DA:83,2
DA:85,1
DA:87,1
DA:88,1
DA:89,1
DA:96,1
DA:98,1
DA:99,1
DA:100,1
DA:103,1
DA:105,1
DA:109,1
DA:110,0
DA:111,0
DA:114,1
DA:115,1
DA:117,1
DA:118,1
DA:120,1
DA:122,1
DA:130,1
DA:131,1
DA:132,1
DA:133,1
DA:137,1
DA:138,2
DA:140,1
DA:142,1
DA:143,1
DA:144,1
DA:151,1
DA:153,1
DA:154,1
DA:155,1
DA:158,1
DA:160,1
DA:164,1
DA:165,0
DA:166,0
DA:169,1
DA:170,1
DA:172,1
DA:173,1
DA:175,1
DA:177,1
DA:185,1
DA:186,1
DA:187,1
DA:188,1
DA:192,1
DA:193,2
DA:195,1
DA:197,1
DA:198,1
DA:199,1
LF:94
LH:88
end_of_record
SF:./module/gomumovie/lib\presentation\widget\gomu_movie_content_poster_widget.dart
DA:11,2
DA:13,1
DA:15,1
DA:17,1
DA:19,0
DA:20,0
DA:23,0
DA:24,0
DA:25,0
DA:27,0
DA:29,0
DA:31,0
DA:32,0
DA:34,0
DA:36,0
DA:37,0
DA:40,0
DA:44,0
DA:45,0
DA:46,0
DA:49,0
DA:50,0
DA:59,2
LF:23
LH:5
end_of_record
SF:./module/gomumovie/lib\presentation\widget\gomu_movie_content_card_widget.dart
DA:12,0
DA:13,0
DA:15,0
DA:17,0
DA:19,0
DA:20,0
DA:23,0
DA:24,0
DA:25,0
DA:27,0
DA:28,0
DA:29,0
DA:30,0
DA:31,0
DA:32,0
DA:36,0
DA:37,0
DA:39,0
DA:42,0
DA:43,0
DA:44,0
DA:45,0
DA:49,0
DA:50,0
DA:51,0
DA:53,0
DA:58,0
DA:60,0
DA:61,0
DA:62,0
DA:66,0
DA:67,0
DA:68,0
LF:33
LH:0
end_of_record
SF:./module/gomumovie/lib\presentation\widget\gomu_movie_content_detail_widget.dart
DA:13,1
DA:16,1
DA:18,1
DA:20,3
DA:21,1
DA:22,1
DA:23,1
DA:24,3
DA:26,1
DA:29,0
DA:31,1
DA:33,1
DA:34,1
DA:35,1
DA:45,1
DA:46,1
DA:47,1
DA:49,1
DA:51,1
DA:53,1
DA:55,1
DA:56,2
DA:57,1
DA:60,1
DA:61,1
DA:62,1
DA:63,2
DA:67,2
DA:69,0
DA:73,0
DA:77,1
DA:80,1
DA:82,1
DA:85,1
DA:88,2
DA:89,2
DA:91,1
DA:93,1
DA:94,1
DA:95,1
DA:100,1
DA:102,1
DA:103,1
DA:110,1
DA:111,3
DA:113,1
DA:114,1
DA:115,1
DA:116,3
DA:118,1
DA:124,4
DA:127,1
DA:128,1
DA:130,1
DA:132,1
DA:133,2
DA:134,1
DA:136,1
DA:137,1
DA:139,1
DA:141,1
DA:142,1
DA:143,2
DA:148,2
DA:150,0
DA:151,2
DA:153,1
DA:155,1
DA:157,0
DA:158,0
DA:161,0
DA:162,0
DA:163,0
DA:168,0
DA:171,0
DA:174,0
DA:175,0
DA:180,0
DA:183,0
DA:185,0
DA:190,0
DA:195,0
DA:196,0
DA:197,0
DA:198,0
DA:199,0
DA:201,0
DA:202,0
DA:203,0
DA:204,0
DA:205,0
DA:217,2
DA:221,0
DA:229,1
DA:231,1
DA:244,1
DA:246,1
DA:247,0
DA:248,0
DA:261,1
DA:264,2
DA:265,3
DA:268,1
DA:272,3
LF:104
LH:74
end_of_record
SF:./module/gomutv/lib\domain\entities\gomu_tv_entity.dart
DA:33,4
DA:47,1
DA:55,3
DA:56,3
DA:57,3
DA:58,3
DA:59,3
DA:60,3
DA:61,3
DA:62,3
DA:63,3
DA:64,3
DA:65,3
DA:66,3
DA:67,3
DA:68,3
DA:100,4
DA:115,1
DA:116,1
DA:117,1
DA:118,1
DA:119,1
DA:120,1
DA:121,1
DA:122,1
DA:123,1
DA:124,1
DA:125,1
DA:126,1
DA:138,4
DA:141,1
DA:142,3
LF:32
LH:32
end_of_record
SF:./module/gomutv/lib\domain\usecase\get_gomu_tv_detail_case.dart
DA:11,1
DA:14,1
DA:16,2
DA:20,1
DA:22,2
LF:5
LH:5
end_of_record
SF:./module/gomutv/lib\domain\usecase\get_gomu_tv_list_case.dart
DA:10,1
DA:13,1
DA:14,2
DA:18,1
DA:19,2
DA:23,1
DA:24,2
LF:7
LH:7
end_of_record
SF:./module/gomutv/lib\domain\usecase\get_gomu_tv_watchlist_case.dart
DA:11,1
DA:14,1
DA:15,2
DA:25,1
DA:28,1
DA:29,2
DA:39,1
DA:42,1
DA:44,2
DA:54,1
DA:57,1
DA:59,2
LF:12
LH:12
end_of_record
SF:./module/gomutv/lib\domain\usecase\search_gomu_tv_case.dart
DA:10,1
DA:13,1
DA:15,2
LF:3
LH:3
end_of_record
SF:./module/gomutv/lib\presentation\bloc\gomu_tv_detail_bloc\gomu_tv_detail_state.dart
DA:5,1
DA:7,1
DA:8,1
DA:24,1
DA:26,1
DA:27,2
DA:35,1
DA:37,1
DA:38,2
DA:47,1
DA:49,1
DA:50,2
LF:12
LH:12
end_of_record
SF:./module/gomutv/lib\presentation\bloc\gomu_tv_detail_bloc\gomu_tv_detail_bloc.dart
DA:16,1
DA:17,2
DA:18,2
DA:19,2
DA:22,4
DA:25,1
DA:27,4
DA:30,1
DA:31,2
DA:44,1
DA:45,2
DA:46,2
DA:47,2
DA:51,4
DA:54,1
DA:56,4
DA:59,1
DA:60,2
LF:18
LH:18
end_of_record
SF:./module/gomutv/lib\presentation\bloc\gomu_tv_detail_bloc\gomu_tv_detail_event.dart
DA:9,1
DA:11,0
DA:12,0
LF:3
LH:1
end_of_record
SF:./module/gomutv/lib\presentation\bloc\gomu_tv_list_bloc\gomu_tv_list_state.dart
DA:5,2
DA:7,1
DA:8,1
DA:23,2
DA:25,1
DA:26,2
DA:35,2
DA:37,1
DA:38,2
LF:9
LH:9
end_of_record
SF:./module/gomutv/lib\presentation\bloc\gomu_tv_list_bloc\gomu_tv_list_bloc.dart
DA:18,3
DA:19,2
DA:20,2
DA:24,3
DA:27,1
DA:29,4
DA:32,3
DA:44,3
DA:45,2
DA:46,2
DA:50,3
DA:54,1
DA:56,4
DA:59,3
DA:71,3
DA:72,2
DA:73,2
DA:77,3
DA:81,1
DA:83,4
DA:86,3
LF:21
LH:21
end_of_record
SF:./module/gomutv/lib\presentation\bloc\gomu_tv_watchlist_bloc\gomu_tv_watchlist_state.dart
DA:5,1
DA:7,1
DA:8,1
DA:22,1
DA:24,1
DA:25,2
DA:31,1
DA:33,1
DA:34,2
DA:40,1
DA:42,1
DA:43,2
DA:49,1
DA:51,1
DA:52,2
LF:15
LH:15
end_of_record
SF:./module/gomutv/lib\presentation\bloc\gomu_tv_watchlist_bloc\gomu_tv_watchlist_event.dart
DA:5,1
DA:7,0
DA:8,0
DA:12,1
DA:14,1
DA:15,1
DA:21,1
DA:23,1
DA:24,2
DA:30,1
DA:32,1
DA:33,2
DA:39,1
DA:41,1
DA:42,2
LF:15
LH:13
end_of_record
SF:./module/gomutv/lib\presentation\bloc\gomu_tv_watchlist_bloc\gomu_tv_watchlist_bloc.dart
DA:25,1
DA:30,2
DA:32,2
DA:34,2
DA:37,3
DA:40,2
DA:41,3
DA:42,1
DA:43,1
DA:44,0
DA:45,2
DA:50,1
DA:51,1
DA:53,2
DA:57,4
DA:60,2
DA:65,1
DA:66,1
DA:68,2
DA:69,2
DA:72,1
DA:73,1
DA:74,3
DA:76,1
DA:77,2
DA:84,1
DA:85,1
DA:87,2
DA:88,2
DA:91,1
DA:92,1
DA:93,3
DA:95,1
DA:96,2
LF:34
LH:33
end_of_record
SF:./module/gomutv/lib\presentation\bloc\gomu_tv_search_bloc\gomu_tv_search_state.dart
DA:5,0
DA:7,0
DA:8,0
DA:15,0
DA:17,0
DA:18,0
DA:28,0
DA:30,0
DA:31,0
DA:38,0
DA:40,0
DA:41,0
LF:12
LH:0
end_of_record
SF:./module/gomutv/lib\presentation\bloc\gomu_tv_search_bloc\gomu_tv_search_event.dart
DA:5,0
DA:7,0
DA:8,0
DA:14,0
DA:16,0
DA:17,0
LF:6
LH:0
end_of_record
SF:./module/gomutv/lib\presentation\bloc\gomu_tv_search_bloc\gomu_tv_search_bloc.dart
DA:13,0
DA:15,0
DA:16,0
DA:17,0
DA:20,0
DA:23,0
DA:24,0
DA:25,0
DA:26,0
DA:27,0
DA:31,0
DA:36,0
DA:37,0
LF:13
LH:0
end_of_record
SF:./module/gomutv/lib\presentation\screen\gomu_tv_main_screen.dart
DA:8,2
DA:11,1
DA:12,1
DA:16,1
DA:18,1
DA:19,4
DA:20,2
DA:21,2
DA:22,2
DA:23,2
DA:24,2
DA:25,2
DA:26,2
DA:29,1
DA:31,1
DA:32,1
DA:33,1
DA:35,1
DA:37,1
DA:39,1
DA:40,1
DA:41,0
DA:42,0
DA:47,1
DA:49,1
DA:50,1
DA:51,1
DA:52,1
DA:54,1
DA:56,1
DA:58,1
DA:63,1
DA:65,1
DA:66,1
DA:67,1
DA:70,1
DA:72,1
DA:77,1
DA:78,1
DA:79,1
DA:80,1
DA:81,1
DA:83,1
DA:84,2
DA:85,1
DA:86,1
DA:88,2
DA:91,0
DA:96,1
DA:98,1
DA:99,1
DA:100,1
DA:103,1
DA:105,1
DA:109,1
DA:110,0
DA:111,0
DA:114,1
DA:115,1
DA:117,1
DA:118,1
DA:120,1
DA:122,1
DA:130,1
DA:131,1
DA:132,1
DA:133,1
DA:134,1
DA:136,1
DA:137,2
DA:138,1
DA:139,1
DA:141,2
DA:144,0
DA:149,1
DA:151,1
DA:152,1
DA:153,1
DA:156,1
DA:158,1
DA:162,1
DA:163,0
DA:164,0
DA:167,1
DA:168,1
DA:170,1
DA:171,1
DA:173,1
DA:175,1
DA:183,1
DA:184,1
DA:185,1
DA:186,1
DA:187,1
DA:189,1
DA:190,2
DA:191,1
DA:192,1
DA:194,2
DA:197,0
LF:100
LH:91
end_of_record
SF:./module/gomutv/lib\presentation\screen\gomu_tv_detail_screen.dart
DA:10,0
DA:12,0
DA:13,0
DA:17,0
DA:19,0
DA:20,0
DA:21,0
DA:23,0
DA:24,0
DA:25,0
DA:27,0
DA:28,0
DA:29,0
DA:33,0
DA:36,0
DA:38,0
DA:39,0
DA:40,0
DA:41,0
DA:42,0
DA:43,0
DA:44,0
DA:48,0
DA:49,0
DA:52,0
DA:53,0
DA:54,0
DA:55,0
DA:56,0
DA:60,0
DA:61,0
DA:62,0
DA:66,0
DA:68,0
DA:69,0
DA:70,0
DA:72,0
DA:75,0
DA:76,0
DA:77,0
DA:78,0
DA:79,0
DA:80,0
DA:85,0
LF:44
LH:0
end_of_record
SF:./module/gomutv/lib\presentation\screen\gomu_tv_popular_screen.dart
DA:10,2
DA:12,1
DA:14,1
DA:18,1
DA:20,1
DA:21,2
DA:22,2
DA:23,2
DA:26,1
DA:28,1
DA:29,1
DA:31,1
DA:32,0
DA:33,0
DA:41,1
DA:43,1
DA:46,1
DA:48,1
DA:49,1
DA:50,1
DA:54,1
DA:55,1
DA:56,1
DA:57,3
DA:59,2
DA:61,1
DA:62,1
DA:64,2
DA:67,0
LF:29
LH:26
end_of_record
SF:./module/gomutv/lib\presentation\screen\gomu_tv_top_rated_screen.dart
DA:10,2
DA:12,1
DA:14,1
DA:18,1
DA:20,1
DA:21,2
DA:22,2
DA:23,2
DA:26,1
DA:28,1
DA:29,1
DA:31,1
DA:32,0
DA:33,0
DA:41,1
DA:43,1
DA:46,1
DA:48,1
DA:49,1
DA:50,1
DA:54,1
DA:55,1
DA:56,1
DA:57,3
DA:59,2
DA:61,1
DA:62,1
DA:64,2
DA:67,0
LF:29
LH:26
end_of_record
SF:./module/gomutv/lib\presentation\widget\gomu_tv_content_card_widget.dart
DA:12,2
DA:14,1
DA:16,1
DA:18,1
DA:19,1
DA:22,0
DA:23,0
DA:24,0
DA:26,1
DA:27,1
DA:28,1
DA:29,1
DA:30,1
DA:31,3
DA:35,1
DA:36,1
DA:38,1
DA:41,1
DA:42,1
DA:43,3
DA:44,1
DA:48,1
DA:49,1
DA:50,1
DA:52,1
DA:57,3
DA:59,1
DA:60,3
DA:61,1
DA:65,1
DA:66,3
DA:67,1
LF:32
LH:29
end_of_record
SF:./module/gomutv/lib\presentation\widget\gomu_tv_content_poster_widget.dart
DA:11,2
DA:13,1
DA:15,1
DA:17,1
DA:19,1
DA:20,1
DA:23,1
DA:24,0
DA:25,0
DA:26,0
DA:28,1
DA:30,1
DA:31,1
DA:33,1
DA:35,4
DA:36,1
DA:39,0
DA:43,1
DA:44,4
DA:45,1
DA:48,1
DA:49,5
DA:58,2
LF:23
LH:19
end_of_record
SF:./module/gomutv/lib\presentation\widget\gomu_tv_content_detail_widget.dart
DA:13,0
DA:16,0
DA:18,0
DA:20,0
DA:21,0
DA:22,0
DA:23,0
DA:24,0
DA:26,0
DA:29,0
DA:31,0
DA:33,0
DA:34,0
DA:35,0
DA:45,0
DA:46,0
DA:47,0
DA:49,0
DA:51,0
DA:53,0
DA:54,0
DA:55,0
DA:56,0
DA:58,0
DA:59,0
DA:60,0
DA:61,0
DA:62,0
DA:63,0
DA:65,0
DA:66,0
DA:67,0
DA:68,0
DA:71,0
DA:73,0
DA:74,0
DA:81,0
DA:82,0
DA:84,0
DA:85,0
DA:86,0
DA:87,0
DA:88,0
DA:90,0
DA:92,0
DA:93,0
DA:95,0
DA:99,0
DA:100,0
DA:101,0
DA:102,0
DA:104,0
DA:110,0
DA:113,0
DA:114,0
DA:116,0
DA:118,0
DA:119,0
DA:121,0
DA:122,0
DA:124,0
DA:126,0
DA:128,0
DA:129,0
DA:134,0
DA:135,0
DA:136,0
DA:137,0
DA:139,0
DA:144,0
DA:146,0
DA:148,0
DA:149,0
DA:152,0
DA:153,0
DA:154,0
DA:159,0
DA:162,0
DA:165,0
DA:166,0
DA:171,0
DA:174,0
DA:176,0
DA:181,0
DA:186,0
DA:187,0
DA:188,0
DA:189,0
DA:190,0
DA:192,0
DA:193,0
DA:194,0
DA:195,0
DA:196,0
DA:208,0
DA:212,0
DA:213,0
DA:215,0
DA:228,0
DA:230,0
DA:245,0
DA:247,0
DA:248,0
DA:249,0
DA:262,0
DA:264,0
DA:265,0
DA:268,0
DA:272,0
LF:109
LH:0
end_of_record
